<?xml version="1.0" encoding="UTF-8"?>
<testsuite xmlns:xsi="http://www.w3.org/2001/XMLSchema-instance" xsi:noNamespaceSchemaLocation="https://maven.apache.org/surefire/maven-surefire-plugin/xsd/surefire-test-report.xsd" name="fr.fresnel.fourPolar.io.imageSet.acquisition.sample.finders.namePattern.FilterPolarizationFileTest" time="0" tests="1" errors="0" skipped="0" failures="0">
  <properties>
    <property name="awt.toolkit" value="sun.awt.X11.XToolkit"/>
    <property name="file.encoding.pkg" value="sun.io"/>
    <property name="java.specification.version" value="1.8"/>
    <property name="sun.cpu.isalist" value=""/>
    <property name="sun.jnu.encoding" value="UTF-8"/>
    <property name="java.class.path" value="/home/masoud/Documents/four-polar/fourPolar-io/target/test-classes:/home/masoud/Documents/four-polar/fourPolar-io/target/classes:/home/masoud/.m2/repository/org/apache/poi/poi/4.1.1/poi-4.1.1.jar:/home/masoud/.m2/repository/commons-codec/commons-codec/1.13/commons-codec-1.13.jar:/home/masoud/.m2/repository/org/apache/commons/commons-collections4/4.4/commons-collections4-4.4.jar:/home/masoud/.m2/repository/org/apache/commons/commons-math3/3.6.1/commons-math3-3.6.1.jar:/home/masoud/.m2/repository/org/apache/poi/poi-ooxml/4.1.1/poi-ooxml-4.1.1.jar:/home/masoud/.m2/repository/org/apache/poi/poi-ooxml-schemas/4.1.1/poi-ooxml-schemas-4.1.1.jar:/home/masoud/.m2/repository/org/apache/xmlbeans/xmlbeans/3.1.0/xmlbeans-3.1.0.jar:/home/masoud/.m2/repository/org/apache/commons/commons-compress/1.19/commons-compress-1.19.jar:/home/masoud/.m2/repository/com/github/virtuald/curvesapi/1.06/curvesapi-1.06.jar:/home/masoud/Documents/four-polar/fourPolar-core/target/fourPolar-core-1.0.jar:/home/masoud/.m2/repository/junit/junit/4.11/junit-4.11.jar:/home/masoud/.m2/repository/org/hamcrest/hamcrest-core/1.3/hamcrest-core-1.3.jar:"/>
    <property name="java.vm.vendor" value="Oracle Corporation"/>
    <property name="sun.arch.data.model" value="64"/>
    <property name="java.vendor.url" value="http://java.oracle.com/"/>
    <property name="user.timezone" value=""/>
    <property name="java.vm.specification.version" value="1.8"/>
    <property name="os.name" value="Linux"/>
    <property name="user.country" value="US"/>
    <property name="sun.java.launcher" value="SUN_STANDARD"/>
    <property name="sun.boot.library.path" value="/usr/lib/jvm/jdk1.8.0_231/jre/lib/amd64"/>
    <property name="sun.java.command" value="/home/masoud/Documents/four-polar/fourPolar-io/target/surefire/surefirebooter9172254081712241754.jar /home/masoud/Documents/four-polar/fourPolar-io/target/surefire 2020-01-09T16-28-39_950-jvmRun1 surefire7533074359297077398tmp surefire_06262502161500494523tmp"/>
    <property name="surefire.test.class.path" value="/home/masoud/Documents/four-polar/fourPolar-io/target/test-classes:/home/masoud/Documents/four-polar/fourPolar-io/target/classes:/home/masoud/.m2/repository/org/apache/poi/poi/4.1.1/poi-4.1.1.jar:/home/masoud/.m2/repository/commons-codec/commons-codec/1.13/commons-codec-1.13.jar:/home/masoud/.m2/repository/org/apache/commons/commons-collections4/4.4/commons-collections4-4.4.jar:/home/masoud/.m2/repository/org/apache/commons/commons-math3/3.6.1/commons-math3-3.6.1.jar:/home/masoud/.m2/repository/org/apache/poi/poi-ooxml/4.1.1/poi-ooxml-4.1.1.jar:/home/masoud/.m2/repository/org/apache/poi/poi-ooxml-schemas/4.1.1/poi-ooxml-schemas-4.1.1.jar:/home/masoud/.m2/repository/org/apache/xmlbeans/xmlbeans/3.1.0/xmlbeans-3.1.0.jar:/home/masoud/.m2/repository/org/apache/commons/commons-compress/1.19/commons-compress-1.19.jar:/home/masoud/.m2/repository/com/github/virtuald/curvesapi/1.06/curvesapi-1.06.jar:/home/masoud/Documents/four-polar/fourPolar-core/target/fourPolar-core-1.0.jar:/home/masoud/.m2/repository/junit/junit/4.11/junit-4.11.jar:/home/masoud/.m2/repository/org/hamcrest/hamcrest-core/1.3/hamcrest-core-1.3.jar:"/>
    <property name="sun.cpu.endian" value="little"/>
    <property name="user.home" value="/home/masoud"/>
    <property name="user.language" value="en"/>
    <property name="java.specification.vendor" value="Oracle Corporation"/>
    <property name="java.home" value="/usr/lib/jvm/jdk1.8.0_231/jre"/>
    <property name="basedir" value="/home/masoud/Documents/four-polar/fourPolar-io"/>
    <property name="file.separator" value="/"/>
    <property name="line.separator" value="&#10;"/>
    <property name="java.vm.specification.vendor" value="Oracle Corporation"/>
    <property name="java.specification.name" value="Java Platform API Specification"/>
    <property name="java.awt.graphicsenv" value="sun.awt.X11GraphicsEnvironment"/>
    <property name="surefire.real.class.path" value="/home/masoud/Documents/four-polar/fourPolar-io/target/surefire/surefirebooter9172254081712241754.jar"/>
    <property name="sun.boot.class.path" value="/usr/lib/jvm/jdk1.8.0_231/jre/lib/resources.jar:/usr/lib/jvm/jdk1.8.0_231/jre/lib/rt.jar:/usr/lib/jvm/jdk1.8.0_231/jre/lib/sunrsasign.jar:/usr/lib/jvm/jdk1.8.0_231/jre/lib/jsse.jar:/usr/lib/jvm/jdk1.8.0_231/jre/lib/jce.jar:/usr/lib/jvm/jdk1.8.0_231/jre/lib/charsets.jar:/usr/lib/jvm/jdk1.8.0_231/jre/lib/jfr.jar:/usr/lib/jvm/jdk1.8.0_231/jre/classes"/>
    <property name="sun.management.compiler" value="HotSpot 64-Bit Tiered Compilers"/>
    <property name="java.runtime.version" value="1.8.0_231-b11"/>
    <property name="user.name" value="masoud"/>
    <property name="path.separator" value=":"/>
    <property name="os.version" value="5.4.7-200.fc31.x86_64"/>
    <property name="java.endorsed.dirs" value="/usr/lib/jvm/jdk1.8.0_231/jre/lib/endorsed"/>
    <property name="java.runtime.name" value="Java(TM) SE Runtime Environment"/>
    <property name="file.encoding" value="UTF-8"/>
    <property name="java.vm.name" value="Java HotSpot(TM) 64-Bit Server VM"/>
    <property name="localRepository" value="/home/masoud/.m2/repository"/>
    <property name="java.vendor.url.bug" value="http://bugreport.sun.com/bugreport/"/>
    <property name="java.io.tmpdir" value="/tmp"/>
    <property name="java.version" value="1.8.0_231"/>
    <property name="user.dir" value="/home/masoud/Documents/four-polar/fourPolar-io"/>
    <property name="os.arch" value="amd64"/>
    <property name="java.vm.specification.name" value="Java Virtual Machine Specification"/>
    <property name="java.awt.printerjob" value="sun.print.PSPrinterJob"/>
    <property name="sun.os.patch.level" value="unknown"/>
    <property name="java.library.path" value="/usr/java/packages/lib/amd64:/usr/lib64:/lib64:/lib:/usr/lib"/>
    <property name="java.vm.info" value="mixed mode"/>
    <property name="java.vendor" value="Oracle Corporation"/>
    <property name="java.vm.version" value="25.231-b11"/>
    <property name="java.ext.dirs" value="/usr/lib/jvm/jdk1.8.0_231/jre/lib/ext:/usr/java/packages/lib/ext"/>
    <property name="sun.io.unicode.encoding" value="UnicodeLittle"/>
    <property name="java.class.version" value="52.0"/>
  </properties>
  <testcase name="list_FilterPol90_ReturnsImg1_C1_Pol90" classname="fr.fresnel.fourPolar.io.imageSet.acquisition.sample.finders.namePattern.FilterPolarizationFileTest" time="0"/>
</testsuite>