<?xml version="1.0" encoding="UTF-8"?>
<testsuite xmlns:xsi="http://www.w3.org/2001/XMLSchema-instance" xsi:noNamespaceSchemaLocation="https://maven.apache.org/surefire/maven-surefire-plugin/xsd/surefire-test-report.xsd" name="fr.fresnel.fourPolar.core.imageSet.acquisition.sample.SampleImageSetTest" time="0.001" tests="3" errors="0" skipped="0" failures="0">
  <properties>
    <property name="awt.toolkit" value="sun.awt.X11.XToolkit"/>
    <property name="file.encoding.pkg" value="sun.io"/>
    <property name="java.specification.version" value="1.8"/>
    <property name="sun.cpu.isalist" value=""/>
    <property name="sun.jnu.encoding" value="UTF-8"/>
    <property name="java.class.path" value="/home/masoud/Documents/four-polar/fourPolar-core/target/test-classes:/home/masoud/Documents/four-polar/fourPolar-core/target/classes:/home/masoud/.m2/repository/net/imglib2/imglib2/5.8.0/imglib2-5.8.0.jar:/home/masoud/.m2/repository/net/imglib2/imglib2-ij/2.0.0-beta-45/imglib2-ij-2.0.0-beta-45.jar:/home/masoud/.m2/repository/net/imglib2/imglib2-cache/1.0.0-beta-9/imglib2-cache-1.0.0-beta-9.jar:/home/masoud/.m2/repository/com/github/ben-manes/caffeine/caffeine/2.4.0/caffeine-2.4.0.jar:/home/masoud/.m2/repository/net/imagej/ij/1.51s/ij-1.51s.jar:/home/masoud/.m2/repository/net/imagej/imagej-common/0.24.9/imagej-common-0.24.9.jar:/home/masoud/.m2/repository/net/imglib2/imglib2-roi/0.4.6/imglib2-roi-0.4.6.jar:/home/masoud/.m2/repository/net/sf/trove4j/trove4j/3.0.3/trove4j-3.0.3.jar:/home/masoud/.m2/repository/edu/ucar/udunits/4.3.18/udunits-4.3.18.jar:/home/masoud/.m2/repository/io/scif/scifio/0.9.5-SNAPSHOT/scifio-0.9.5-SNAPSHOT.jar:/home/masoud/.m2/repository/io/scif/jai_imageio/1.0.1/jai_imageio-1.0.1.jar:/home/masoud/.m2/repository/net/imglib2/imglib2-meta/2.0.0-beta-25/imglib2-meta-2.0.0-beta-25.jar:/home/masoud/.m2/repository/org/scijava/scijava-common/2.10.0/scijava-common-2.10.0.jar:/home/masoud/.m2/repository/org/bushe/eventbus/1.4/eventbus-1.4.jar:/usr/lib/jvm/jdk1.8.0_231/jre/../lib/tools.jar:/home/masoud/.m2/repository/org/mapdb/mapdb/0.9.7/mapdb-0.9.7.jar:/home/masoud/.m2/repository/xalan/serializer/2.7.1/serializer-2.7.1.jar:/home/masoud/.m2/repository/xml-apis/xml-apis/1.3.04/xml-apis-1.3.04.jar:/home/masoud/.m2/repository/xalan/xalan/2.7.1/xalan-2.7.1.jar:/home/masoud/.m2/repository/org/junit/jupiter/junit-jupiter/5.6.0/junit-jupiter-5.6.0.jar:/home/masoud/.m2/repository/org/junit/jupiter/junit-jupiter-api/5.6.0/junit-jupiter-api-5.6.0.jar:/home/masoud/.m2/repository/org/apiguardian/apiguardian-api/1.1.0/apiguardian-api-1.1.0.jar:/home/masoud/.m2/repository/org/opentest4j/opentest4j/1.2.0/opentest4j-1.2.0.jar:/home/masoud/.m2/repository/org/junit/platform/junit-platform-commons/1.6.0/junit-platform-commons-1.6.0.jar:/home/masoud/.m2/repository/org/junit/jupiter/junit-jupiter-params/5.6.0/junit-jupiter-params-5.6.0.jar:/home/masoud/.m2/repository/org/junit/jupiter/junit-jupiter-engine/5.6.0/junit-jupiter-engine-5.6.0.jar:/home/masoud/.m2/repository/org/junit/platform/junit-platform-engine/1.6.0/junit-platform-engine-1.6.0.jar:"/>
    <property name="java.vm.vendor" value="Oracle Corporation"/>
    <property name="sun.arch.data.model" value="64"/>
    <property name="java.vendor.url" value="http://java.oracle.com/"/>
    <property name="user.timezone" value=""/>
    <property name="java.vm.specification.version" value="1.8"/>
    <property name="os.name" value="Linux"/>
    <property name="user.country" value="US"/>
    <property name="sun.java.launcher" value="SUN_STANDARD"/>
    <property name="sun.boot.library.path" value="/usr/lib/jvm/jdk1.8.0_231/jre/lib/amd64"/>
    <property name="sun.java.command" value="/home/masoud/Documents/four-polar/fourPolar-core/target/surefire/surefirebooter6959643960248283038.jar /home/masoud/Documents/four-polar/fourPolar-core/target/surefire 2020-01-21T15-31-26_928-jvmRun1 surefire6994210943463888863tmp surefire_0842261412216527601tmp"/>
    <property name="surefire.test.class.path" value="/home/masoud/Documents/four-polar/fourPolar-core/target/test-classes:/home/masoud/Documents/four-polar/fourPolar-core/target/classes:/home/masoud/.m2/repository/net/imglib2/imglib2/5.8.0/imglib2-5.8.0.jar:/home/masoud/.m2/repository/net/imglib2/imglib2-ij/2.0.0-beta-45/imglib2-ij-2.0.0-beta-45.jar:/home/masoud/.m2/repository/net/imglib2/imglib2-cache/1.0.0-beta-9/imglib2-cache-1.0.0-beta-9.jar:/home/masoud/.m2/repository/com/github/ben-manes/caffeine/caffeine/2.4.0/caffeine-2.4.0.jar:/home/masoud/.m2/repository/net/imagej/ij/1.51s/ij-1.51s.jar:/home/masoud/.m2/repository/net/imagej/imagej-common/0.24.9/imagej-common-0.24.9.jar:/home/masoud/.m2/repository/net/imglib2/imglib2-roi/0.4.6/imglib2-roi-0.4.6.jar:/home/masoud/.m2/repository/net/sf/trove4j/trove4j/3.0.3/trove4j-3.0.3.jar:/home/masoud/.m2/repository/edu/ucar/udunits/4.3.18/udunits-4.3.18.jar:/home/masoud/.m2/repository/io/scif/scifio/0.9.5-SNAPSHOT/scifio-0.9.5-SNAPSHOT.jar:/home/masoud/.m2/repository/io/scif/jai_imageio/1.0.1/jai_imageio-1.0.1.jar:/home/masoud/.m2/repository/net/imglib2/imglib2-meta/2.0.0-beta-25/imglib2-meta-2.0.0-beta-25.jar:/home/masoud/.m2/repository/org/scijava/scijava-common/2.10.0/scijava-common-2.10.0.jar:/home/masoud/.m2/repository/org/bushe/eventbus/1.4/eventbus-1.4.jar:/usr/lib/jvm/jdk1.8.0_231/jre/../lib/tools.jar:/home/masoud/.m2/repository/org/mapdb/mapdb/0.9.7/mapdb-0.9.7.jar:/home/masoud/.m2/repository/xalan/serializer/2.7.1/serializer-2.7.1.jar:/home/masoud/.m2/repository/xml-apis/xml-apis/1.3.04/xml-apis-1.3.04.jar:/home/masoud/.m2/repository/xalan/xalan/2.7.1/xalan-2.7.1.jar:/home/masoud/.m2/repository/org/junit/jupiter/junit-jupiter/5.6.0/junit-jupiter-5.6.0.jar:/home/masoud/.m2/repository/org/junit/jupiter/junit-jupiter-api/5.6.0/junit-jupiter-api-5.6.0.jar:/home/masoud/.m2/repository/org/apiguardian/apiguardian-api/1.1.0/apiguardian-api-1.1.0.jar:/home/masoud/.m2/repository/org/opentest4j/opentest4j/1.2.0/opentest4j-1.2.0.jar:/home/masoud/.m2/repository/org/junit/platform/junit-platform-commons/1.6.0/junit-platform-commons-1.6.0.jar:/home/masoud/.m2/repository/org/junit/jupiter/junit-jupiter-params/5.6.0/junit-jupiter-params-5.6.0.jar:/home/masoud/.m2/repository/org/junit/jupiter/junit-jupiter-engine/5.6.0/junit-jupiter-engine-5.6.0.jar:/home/masoud/.m2/repository/org/junit/platform/junit-platform-engine/1.6.0/junit-platform-engine-1.6.0.jar:"/>
    <property name="sun.cpu.endian" value="little"/>
    <property name="user.home" value="/home/masoud"/>
    <property name="user.language" value="en"/>
    <property name="java.specification.vendor" value="Oracle Corporation"/>
    <property name="java.home" value="/usr/lib/jvm/jdk1.8.0_231/jre"/>
    <property name="basedir" value="/home/masoud/Documents/four-polar/fourPolar-core"/>
    <property name="file.separator" value="/"/>
    <property name="line.separator" value="&#10;"/>
    <property name="java.vm.specification.vendor" value="Oracle Corporation"/>
    <property name="java.specification.name" value="Java Platform API Specification"/>
    <property name="java.awt.graphicsenv" value="sun.awt.X11GraphicsEnvironment"/>
    <property name="surefire.real.class.path" value="/home/masoud/Documents/four-polar/fourPolar-core/target/surefire/surefirebooter6959643960248283038.jar"/>
    <property name="sun.boot.class.path" value="/usr/lib/jvm/jdk1.8.0_231/jre/lib/resources.jar:/usr/lib/jvm/jdk1.8.0_231/jre/lib/rt.jar:/usr/lib/jvm/jdk1.8.0_231/jre/lib/sunrsasign.jar:/usr/lib/jvm/jdk1.8.0_231/jre/lib/jsse.jar:/usr/lib/jvm/jdk1.8.0_231/jre/lib/jce.jar:/usr/lib/jvm/jdk1.8.0_231/jre/lib/charsets.jar:/usr/lib/jvm/jdk1.8.0_231/jre/lib/jfr.jar:/usr/lib/jvm/jdk1.8.0_231/jre/classes"/>
    <property name="sun.management.compiler" value="HotSpot 64-Bit Tiered Compilers"/>
    <property name="java.runtime.version" value="1.8.0_231-b11"/>
    <property name="user.name" value="masoud"/>
    <property name="path.separator" value=":"/>
    <property name="os.version" value="5.4.7-200.fc31.x86_64"/>
    <property name="java.endorsed.dirs" value="/usr/lib/jvm/jdk1.8.0_231/jre/lib/endorsed"/>
    <property name="java.runtime.name" value="Java(TM) SE Runtime Environment"/>
    <property name="file.encoding" value="UTF-8"/>
    <property name="java.vm.name" value="Java HotSpot(TM) 64-Bit Server VM"/>
    <property name="localRepository" value="/home/masoud/.m2/repository"/>
    <property name="java.vendor.url.bug" value="http://bugreport.sun.com/bugreport/"/>
    <property name="java.io.tmpdir" value="/tmp"/>
    <property name="java.version" value="1.8.0_231"/>
    <property name="user.dir" value="/home/masoud/Documents/four-polar/fourPolar-core"/>
    <property name="os.arch" value="amd64"/>
    <property name="java.vm.specification.name" value="Java Virtual Machine Specification"/>
    <property name="java.awt.printerjob" value="sun.print.PSPrinterJob"/>
    <property name="sun.os.patch.level" value="unknown"/>
    <property name="java.library.path" value="/usr/java/packages/lib/amd64:/usr/lib64:/lib64:/lib:/usr/lib"/>
    <property name="java.vm.info" value="mixed mode"/>
    <property name="java.vendor" value="Oracle Corporation"/>
    <property name="java.vm.version" value="25.231-b11"/>
    <property name="java.ext.dirs" value="/usr/lib/jvm/jdk1.8.0_231/jre/lib/ext:/usr/java/packages/lib/ext"/>
    <property name="sun.io.unicode.encoding" value="UnicodeLittle"/>
    <property name="java.class.version" value="52.0"/>
  </properties>
  <testcase name="removeImage_fileSet_ReturnsZeroLengthForChannelOne" classname="fr.fresnel.fourPolar.core.imageSet.acquisition.sample.SampleImageSetTest" time="0"/>
  <testcase name="removeImage_nonExistentfileSet_ShouldThrowException" classname="fr.fresnel.fourPolar.core.imageSet.acquisition.sample.SampleImageSetTest" time="0"/>
  <testcase name="addImage_DuplicateImage_ShouldThrowException" classname="fr.fresnel.fourPolar.core.imageSet.acquisition.sample.SampleImageSetTest" time="0"/>
</testsuite>